Compilación iniciada a las 09/01/2014 12:03:38.
     1>Proyecto "F:\proiektua\proiektua\proiektua.vcxproj" en el nodo 2 (Build destinos).
     1>ClCompile:
         C:\Program Files (x86)\Microsoft Visual Studio 12.0\VC\bin\CL.exe /c /Zi /nologo /W3 /WX- /O2 /Oi /Oy- /GL /D WIN32 /D NDEBUG /D _CONSOLE /D _LIB /D _UNICODE /D UNICODE /Gm- /EHsc /MD /GS /Gy /fp:precise /Zc:wchar_t /Zc:forScope /Fo"Release\\" /Fd"Release\vc120.pdb" /Gd /TC /analyze- /errorReport:prompt src\bukaera.c src\errealitateFisikoa.c src\jokoa.c src\mugimenduak.c src\nagusia.c src\Pantaila0.c src\sarrera.c
         bukaera.c
         errealitateFisikoa.c
     1>src\errealitateFisikoa.c(69): warning C4013: 'PANTAILA0_pantailakoObjetuakKonprobatu' sin definir; se supone que extern devuelve como resultado int
     1>src\errealitateFisikoa.c(177): warning C4013: 'JOKOA_zelaiaMargotu' sin definir; se supone que extern devuelve como resultado int
     1>src\errealitateFisikoa.c(178): warning C4013: 'JOKOA_zirkuluUrdinaBistaratu' sin definir; se supone que extern devuelve como resultado int
     1>src\errealitateFisikoa.c(179): warning C4013: 'JOKOA_zirkuluGorriaBistaratu' sin definir; se supone que extern devuelve como resultado int
     1>src\errealitateFisikoa.c(54): warning C4101: 'objetuaUrdina' : variable local sin referencia
     1>src\errealitateFisikoa.c(48): warning C4101: 'objetuak' : variable local sin referencia
     1>src\errealitateFisikoa.c(38): warning C4101: 'posizioInizialaUrdina' : variable local sin referencia
     1>src\errealitateFisikoa.c(37): warning C4101: 'posizioInizialaGorria' : variable local sin referencia
     1>src\errealitateFisikoa.c(53): warning C4101: 'objetuaGorria' : variable local sin referencia
     1>src\errealitateFisikoa.c(312): warning C4244: '=' : conversión de 'double' a 'int'; posible pérdida de datos
     1>src\errealitateFisikoa.c(326): warning C4244: '=' : conversión de 'double' a 'int'; posible pérdida de datos
         jokoa.c
     1>src\jokoa.c(82): warning C4013: 'PANTAILA0_pantailaMargotu' sin definir; se supone que extern devuelve como resultado int
     1>src\jokoa.c(152): warning C4098: 'JOKOA_laukiBatMargotu' : función 'void' que devuelve un valor
         mugimenduak.c
         nagusia.c
     1>src\nagusia.c(28): warning C4013: 'SARRERA_pantailakAukeratu' sin definir; se supone que extern devuelve como resultado int
     1>src\nagusia.c(33): warning C4013: 'PANTAILA0_nagusia' sin definir; se supone que extern devuelve como resultado int
     1>src\nagusia.c(77): warning C4013: 'SARRERA_kredituak' sin definir; se supone que extern devuelve como resultado int
         Pantaila0.c
     1>src\Pantaila0.c(57): warning C4013: 'JOKOA_pantailaZuriz' sin definir; se supone que extern devuelve como resultado int
     1>src\Pantaila0.c(60): warning C4013: 'JOKOA_laukiBatMargotu' sin definir; se supone que extern devuelve como resultado int
     1>src\Pantaila0.c(88): warning C4028: parámetro formal 1 distinto de la declaración
     1>src\Pantaila0.c(88): warning C4029: la lista de parámetros formales declarada es distinta de la definición
         sarrera.c
     1>src\sarrera.c(35): warning C4013: 'JOKOA_pantailaZuriz' sin definir; se supone que extern devuelve como resultado int
     1>src\sarrera.c(104): warning C4026: función declarada con lista de parámetros formales
       Link:
         C:\Program Files (x86)\Microsoft Visual Studio 12.0\VC\bin\link.exe /ERRORREPORT:PROMPT /OUT:"F:\proiektua\Release\proiektua.exe" /INCREMENTAL:NO /NOLOGO kernel32.lib user32.lib gdi32.lib winspool.lib comdlg32.lib advapi32.lib shell32.lib ole32.lib oleaut32.lib uuid.lib odbc32.lib odbccp32.lib /MANIFEST /MANIFESTUAC:"level='asInvoker' uiAccess='false'" /manifest:embed /DEBUG /PDB:"F:\proiektua\Release\proiektua.pdb" /SUBSYSTEM:CONSOLE /OPT:REF /OPT:ICF /LTCG /TLBID:1 /DYNAMICBASE /NXCOMPAT /IMPLIB:"F:\proiektua\Release\proiektua.lib" /MACHINE:X86 /SAFESEH Release\bukaera.obj
         Release\errealitateFisikoa.obj
         Release\jokoa.obj
         Release\mugimenduak.obj
         Release\nagusia.obj
         Release\Pantaila0.obj
         Release\Pantaila1.obj
         Release\Pantaila2.obj
         Release\Pantaila3.obj
         Release\Pantaila4.obj
         Release\Pantaila5.obj
         Release\sarrera.obj
         Release\sistemaGrafikoa.obj
         lib\libGrafikak.lib
         SDL.lib
         SDLmain.lib
         SDL_ttf.lib
     1>libGrafikak.lib(graphics.obj) : warning LNK4075: se omite '/EDITANDCONTINUE' debido a la especificación '/OPT:ICF'
     1>LINK : warning LNK4098: la biblioteca predeterminada'MSVCRTD' entra en conflicto con otras bibliotecas; use la biblioteca /NODEFAULTLIB:biblioteca
         Generando código
         Generación de código finalizada
     1>libGrafikak.lib(ebentoak.obj) : warning LNK4099: no se encontró PDB 'vc110.pdb' con 'libGrafikak.lib(ebentoak.obj)' o en 'F:\proiektua\Release\vc110.pdb'; se vinculará el objeto sin tener en cuenta información de depuración
     1>libGrafikak.lib(graphics.obj) : warning LNK4099: no se encontró PDB 'vc110.pdb' con 'libGrafikak.lib(graphics.obj)' o en 'F:\proiektua\Release\vc110.pdb'; se vinculará el objeto sin tener en cuenta información de depuración
     1>libGrafikak.lib(imagen.obj) : warning LNK4099: no se encontró PDB 'vc110.pdb' con 'libGrafikak.lib(imagen.obj)' o en 'F:\proiektua\Release\vc110.pdb'; se vinculará el objeto sin tener en cuenta información de depuración
     1>libGrafikak.lib(sagua.obj) : warning LNK4099: no se encontró PDB 'vc110.pdb' con 'libGrafikak.lib(sagua.obj)' o en 'F:\proiektua\Release\vc110.pdb'; se vinculará el objeto sin tener en cuenta información de depuración
     1>libGrafikak.lib(soinua.obj) : warning LNK4099: no se encontró PDB 'vc110.pdb' con 'libGrafikak.lib(soinua.obj)' o en 'F:\proiektua\Release\vc110.pdb'; se vinculará el objeto sin tener en cuenta información de depuración
     1>libGrafikak.lib(text.obj) : warning LNK4099: no se encontró PDB 'vc110.pdb' con 'libGrafikak.lib(text.obj)' o en 'F:\proiektua\Release\vc110.pdb'; se vinculará el objeto sin tener en cuenta información de depuración
         proiektua.vcxproj -> F:\proiektua\Release\proiektua.exe
     1>Compilación del proyecto terminada "F:\proiektua\proiektua\proiektua.vcxproj" (Build destinos).

Compilación correcta.

Tiempo transcurrido 00:00:09.93
