Z:\LIBGRAFIKOA\LIBGRAFIKAK\LIBGRAFIKAK\DEBUG\EBENTOAK.OBJ
Z:\LIBGRAFIKOA\LIBGRAFIKAK\LIBGRAFIKAK\DEBUG\GRAPHICS.OBJ
Z:\LIBGRAFIKOA\LIBGRAFIKAK\LIBGRAFIKAK\DEBUG\IMAGEN.OBJ
Z:\LIBGRAFIKOA\LIBGRAFIKAK\LIBGRAFIKAK\DEBUG\SAGUA.OBJ
Z:\LIBGRAFIKOA\LIBGRAFIKAK\LIBGRAFIKAK\DEBUG\SOINUA.OBJ
Z:\LIBGRAFIKOA\LIBGRAFIKAK\LIBGRAFIKAK\DEBUG\TEXT.OBJ
Z:\LIBGRAFIKOA\LIBGRAFIKAK\LIBGRAFIKAK\DEBUG\VC110.PDB
Z:\LIBGRAFIKOA\LIBGRAFIKAK\DEBUG\LIBGRAFIKAK.LIB
C:\Users\Win7\Desktop\libGrafikak\Debug\ebentoak.obj
C:\Users\Win7\Desktop\libGrafikak\Debug\graphics.obj
C:\Users\Win7\Desktop\libGrafikak\Debug\imagen.obj
C:\Users\Win7\Desktop\libGrafikak\Debug\sagua.obj
C:\Users\Win7\Desktop\libGrafikak\Debug\soinua.obj
C:\Users\Win7\Desktop\libGrafikak\Debug\text.obj
C:\Users\Win7\Desktop\libGrafikak\Debug\cl.command.1.tlog
C:\Users\Win7\Desktop\libGrafikak\Debug\CL.read.1.tlog
C:\Users\Win7\Desktop\libGrafikak\Debug\CL.write.1.tlog
C:\Users\Win7\Desktop\libGrafikak\Debug\Lib-link.read.1.tlog
C:\Users\Win7\Desktop\libGrafikak\Debug\Lib-link.write.1.tlog
C:\Users\Win7\Desktop\libGrafikak\Debug\lib.command.1.tlog
C:\Users\Win7\Desktop\libGrafikak\Debug\vc110.idb
C:\Users\Win7\Desktop\libGrafikak\Debug\vc110.pdb
