c:\users\win7\desktop\jokoak_vs2012\froga\debug\sistemagrafikoa.obj
c:\users\win7\desktop\jokoak_vs2012\froga\debug\sarrera.obj
c:\users\win7\desktop\jokoak_vs2012\froga\debug\nagusia.obj
c:\users\win7\desktop\jokoak_vs2012\froga\debug\jokoa.obj
c:\users\win7\desktop\jokoak_vs2012\froga\debug\errealitatefisikoa.obj
c:\users\win7\desktop\jokoak_vs2012\froga\debug\bukaera.obj
c:\users\win7\desktop\jokoak_vs2012\froga\debug\vc110.pdb
c:\users\win7\desktop\jokoak_vs2012\froga\debug\froga.ilk
c:\users\win7\desktop\jokoak_vs2012\froga\debug\froga.exe
c:\users\win7\desktop\jokoak_vs2012\froga\debug\froga.pdb
c:\users\aitor\documents\mgep\1. seihilekoa\popbl\ikasteko_probak\jokoak_vs2012\froga\debug\bukaera.obj
c:\users\aitor\documents\mgep\1. seihilekoa\popbl\ikasteko_probak\jokoak_vs2012\froga\debug\errealitatefisikoa.obj
c:\users\aitor\documents\mgep\1. seihilekoa\popbl\ikasteko_probak\jokoak_vs2012\froga\debug\jokoa.obj
c:\users\aitor\documents\mgep\1. seihilekoa\popbl\ikasteko_probak\jokoak_vs2012\froga\debug\nagusia.obj
c:\users\aitor\documents\mgep\1. seihilekoa\popbl\ikasteko_probak\jokoak_vs2012\froga\debug\sarrera.obj
c:\users\aitor\documents\mgep\1. seihilekoa\popbl\ikasteko_probak\jokoak_vs2012\froga\debug\sistemagrafikoa.obj
c:\users\aitor\documents\mgep\1. seihilekoa\popbl\ikasteko_probak\jokoak_vs2012\froga\debug\froga.ilk
c:\users\aitor\documents\mgep\1. seihilekoa\popbl\ikasteko_probak\jokoak_vs2012\froga\debug\cl.command.1.tlog
c:\users\aitor\documents\mgep\1. seihilekoa\popbl\ikasteko_probak\jokoak_vs2012\froga\debug\cl.read.1.tlog
c:\users\aitor\documents\mgep\1. seihilekoa\popbl\ikasteko_probak\jokoak_vs2012\froga\debug\cl.write.1.tlog
c:\users\aitor\documents\mgep\1. seihilekoa\popbl\ikasteko_probak\jokoak_vs2012\froga\debug\link-cvtres.read.1.tlog
c:\users\aitor\documents\mgep\1. seihilekoa\popbl\ikasteko_probak\jokoak_vs2012\froga\debug\link-cvtres.write.1.tlog
c:\users\aitor\documents\mgep\1. seihilekoa\popbl\ikasteko_probak\jokoak_vs2012\froga\debug\link-rc.read.1.tlog
c:\users\aitor\documents\mgep\1. seihilekoa\popbl\ikasteko_probak\jokoak_vs2012\froga\debug\link-rc.write.1.tlog
c:\users\aitor\documents\mgep\1. seihilekoa\popbl\ikasteko_probak\jokoak_vs2012\froga\debug\link.command.1.tlog
c:\users\aitor\documents\mgep\1. seihilekoa\popbl\ikasteko_probak\jokoak_vs2012\froga\debug\link.read.1.tlog
c:\users\aitor\documents\mgep\1. seihilekoa\popbl\ikasteko_probak\jokoak_vs2012\froga\debug\link.write.1.tlog
c:\users\aitor\documents\mgep\1. seihilekoa\popbl\ikasteko_probak\jokoak_vs2012\froga\debug\froga.pdb
c:\users\aitor\documents\mgep\1. seihilekoa\popbl\ikasteko_probak\jokoak_vs2012\froga\debug\vc110.pdb
c:\users\aitor\documents\mgep\1. seihilekoa\popbl\ikasteko_probak\jokoak_vs2012\froga\debug\froga.exe
