Compilación iniciada a las 08/01/2014 18:38:47.
     1>Proyecto "C:\Users\Aitor\Documents\MGEP\1. Seihilekoa\POPBL\ProiektuarenHasiera\froga.vcxproj" en el nodo 2 (Build destinos).
     1>ClCompile:
         C:\Program Files (x86)\Microsoft Visual Studio 12.0\VC\bin\CL.exe /c /I.\inlcudes\SDL /I.\inlcudes /Zi /nologo /W3 /WX- /Od /Oy- /D WIN32 /D _DEBUG /D _CONSOLE /D _UNICODE /D UNICODE /Gm- /EHsc /MDd /GS /fp:precise /Zc:wchar_t /Zc:forScope /Fo"Debug\\" /Fd"Debug\vc120.pdb" /Gd /TC /analyze- /errorReport:prompt src\errealitateFisikoa.c src\Pantaila0.c
         errealitateFisikoa.c
     1>src\errealitateFisikoa.c(31): warning C4029: la lista de parámetros formales declarada es distinta de la definición
     1>src\errealitateFisikoa.c(66): warning C4013: 'PANTAILA0_pantailakoObjetuakKonprobatu' sin definir; se supone que extern devuelve como resultado int
     1>src\errealitateFisikoa.c(174): warning C4013: 'JOKOA_zelaiaMargotu' sin definir; se supone que extern devuelve como resultado int
     1>src\errealitateFisikoa.c(175): warning C4013: 'JOKOA_zirkuluUrdinaBistaratu' sin definir; se supone que extern devuelve como resultado int
     1>src\errealitateFisikoa.c(176): warning C4013: 'JOKOA_zirkuluGorriaBistaratu' sin definir; se supone que extern devuelve como resultado int
     1>src\errealitateFisikoa.c(53): warning C4101: 'objetuaUrdina' : variable local sin referencia
     1>src\errealitateFisikoa.c(47): warning C4101: 'objetuak' : variable local sin referencia
     1>src\errealitateFisikoa.c(37): warning C4101: 'posizioInizialaUrdina' : variable local sin referencia
     1>src\errealitateFisikoa.c(36): warning C4101: 'posizioInizialaGorria' : variable local sin referencia
     1>src\errealitateFisikoa.c(52): warning C4101: 'objetuaGorria' : variable local sin referencia
     1>src\errealitateFisikoa.c(309): warning C4244: '=' : conversión de 'double' a 'int'; posible pérdida de datos
     1>src\errealitateFisikoa.c(323): warning C4244: '=' : conversión de 'double' a 'int'; posible pérdida de datos
         Pantaila0.c
     1>src\Pantaila0.c(44): warning C4013: 'ERREALITATE_FISIKOA_mugimendua' sin definir; se supone que extern devuelve como resultado int
     1>src\Pantaila0.c(56): warning C4013: 'JOKOA_pantailaZuriz' sin definir; se supone que extern devuelve como resultado int
     1>src\Pantaila0.c(115): warning C4028: parámetro formal 1 distinto de la declaración
     1>src\Pantaila0.c(115): warning C4029: la lista de parámetros formales declarada es distinta de la definición
         Generando código...
       Link:
         C:\Program Files (x86)\Microsoft Visual Studio 12.0\VC\bin\link.exe /ERRORREPORT:PROMPT /OUT:"C:\Users\Aitor\Documents\MGEP\1. Seihilekoa\POPBL\ProiektuarenHasiera\Debug\froga.exe" /INCREMENTAL /NOLOGO /LIBPATH:.\lib SDL.lib SDL_ttf.lib SDLmain.lib libGrafikak.lib kernel32.lib user32.lib gdi32.lib winspool.lib comdlg32.lib advapi32.lib shell32.lib ole32.lib oleaut32.lib uuid.lib odbc32.lib odbccp32.lib /MANIFEST /MANIFESTUAC:"level='asInvoker' uiAccess='false'" /manifest:embed /DEBUG /PDB:"C:\Users\Aitor\Documents\MGEP\1. Seihilekoa\POPBL\ProiektuarenHasiera\Debug\froga.pdb" /ASSEMBLYDEBUG /SUBSYSTEM:CONSOLE /TLBID:1 /DYNAMICBASE /NXCOMPAT /IMPLIB:"C:\Users\Aitor\Documents\MGEP\1. Seihilekoa\POPBL\ProiektuarenHasiera\Debug\froga.lib" /MACHINE:X86 /SAFESEH Debug\bukaera.obj
         Debug\errealitateFisikoa.obj
         Debug\jokoa.obj
         Debug\nagusia.obj
         Debug\Pantaila0.obj
         Debug\Pantaila1.obj
         Debug\Pantaila2.obj
         Debug\Pantaila3.obj
         Debug\Pantaila4.obj
         Debug\Pantaila5.obj
         Debug\sarrera.obj
         Debug\sistemaGrafikoa.obj
         froga.vcxproj -> C:\Users\Aitor\Documents\MGEP\1. Seihilekoa\POPBL\ProiektuarenHasiera\Debug\froga.exe
     1>Compilación del proyecto terminada "C:\Users\Aitor\Documents\MGEP\1. Seihilekoa\POPBL\ProiektuarenHasiera\froga.vcxproj" (Build destinos).

Compilación correcta.

Tiempo transcurrido 00:00:02.78
