C:\USERS\WIN7\DESKTOP\LIBGRAFIKAK\DEBUG\EBENTOAK.OBJ
C:\USERS\WIN7\DESKTOP\LIBGRAFIKAK\DEBUG\GRAPHICS.OBJ
C:\USERS\WIN7\DESKTOP\LIBGRAFIKAK\DEBUG\IMAGEN.OBJ
C:\USERS\WIN7\DESKTOP\LIBGRAFIKAK\DEBUG\SAGUA.OBJ
C:\USERS\WIN7\DESKTOP\LIBGRAFIKAK\DEBUG\SOINUA.OBJ
C:\USERS\WIN7\DESKTOP\LIBGRAFIKAK\DEBUG\TEXT.OBJ
C:\USERS\WIN7\DESKTOP\LIBGRAFIKAK\DEBUG\VC110.PDB
C:\USERS\WIN7\DESKTOP\LIBGRAFIKAK\DEBUG\LIBGRAFIKAK.LIB
C:\Users\Win7\Desktop\JOKOAK_VS2012\libGrafikak\Debug\ebentoak.obj
C:\Users\Win7\Desktop\JOKOAK_VS2012\libGrafikak\Debug\graphics.obj
C:\Users\Win7\Desktop\JOKOAK_VS2012\libGrafikak\Debug\imagen.obj
C:\Users\Win7\Desktop\JOKOAK_VS2012\libGrafikak\Debug\sagua.obj
C:\Users\Win7\Desktop\JOKOAK_VS2012\libGrafikak\Debug\soinua.obj
C:\Users\Win7\Desktop\JOKOAK_VS2012\libGrafikak\Debug\text.obj
C:\Users\Win7\Desktop\JOKOAK_VS2012\libGrafikak\Debug\cl.command.1.tlog
C:\Users\Win7\Desktop\JOKOAK_VS2012\libGrafikak\Debug\CL.read.1.tlog
C:\Users\Win7\Desktop\JOKOAK_VS2012\libGrafikak\Debug\CL.write.1.tlog
C:\Users\Win7\Desktop\JOKOAK_VS2012\libGrafikak\Debug\Lib-link.read.1.tlog
C:\Users\Win7\Desktop\JOKOAK_VS2012\libGrafikak\Debug\Lib-link.write.1.tlog
C:\Users\Win7\Desktop\JOKOAK_VS2012\libGrafikak\Debug\lib.command.1.tlog
C:\Users\Win7\Desktop\JOKOAK_VS2012\libGrafikak\Debug\vc110.idb
C:\Users\Win7\Desktop\JOKOAK_VS2012\libGrafikak\Debug\vc110.pdb
C:\Users\Win7\Desktop\JOKOAK_VS2012\libGrafikak\Debug\libGrafikak.lib
