C:\USERS\WIN7\DESKTOP\JOKOAK_VS2010\JOKOAK\FROGA\DEBUG\BUKAERA.OBJ
C:\USERS\WIN7\DESKTOP\JOKOAK_VS2010\JOKOAK\FROGA\DEBUG\ERREALITATEFISIKOA.OBJ
C:\USERS\WIN7\DESKTOP\JOKOAK_VS2010\JOKOAK\FROGA\DEBUG\JOKOA.OBJ
C:\USERS\WIN7\DESKTOP\JOKOAK_VS2010\JOKOAK\FROGA\DEBUG\NAGUSIA.OBJ
C:\USERS\WIN7\DESKTOP\JOKOAK_VS2010\JOKOAK\FROGA\DEBUG\SARRERA.OBJ
C:\USERS\WIN7\DESKTOP\JOKOAK_VS2010\JOKOAK\FROGA\DEBUG\SISTEMAGRAFIKOA.OBJ
C:\USERS\WIN7\DESKTOP\JOKOAK_VS2010\JOKOAK\FROGA\DEBUG\VC100.PDB
C:\USERS\WIN7\DESKTOP\JOKOAK_VS2010\JOKOAK\FROGA\DEBUG\FROGA.EXE.EMBED.MANIFEST.RES
C:\Users\Win7\Desktop\JOKOAK_VS2010\Jokoak\froga\Debug\bukaera.obj
C:\Users\Win7\Desktop\JOKOAK_VS2010\Jokoak\froga\Debug\errealitateFisikoa.obj
C:\Users\Win7\Desktop\JOKOAK_VS2010\Jokoak\froga\Debug\jokoa.obj
C:\Users\Win7\Desktop\JOKOAK_VS2010\Jokoak\froga\Debug\nagusia.obj
C:\Users\Win7\Desktop\JOKOAK_VS2010\Jokoak\froga\Debug\sarrera.obj
C:\Users\Win7\Desktop\JOKOAK_VS2010\Jokoak\froga\Debug\sistemaGrafikoa.obj
C:\Users\Win7\Desktop\JOKOAK_VS2010\Jokoak\froga\Debug\cl.command.1.tlog
C:\Users\Win7\Desktop\JOKOAK_VS2010\Jokoak\froga\Debug\CL.read.1.tlog
C:\Users\Win7\Desktop\JOKOAK_VS2010\Jokoak\froga\Debug\CL.write.1.tlog
C:\Users\Win7\Desktop\JOKOAK_VS2010\Jokoak\froga\Debug\link.command.1.tlog
C:\Users\Win7\Desktop\JOKOAK_VS2010\Jokoak\froga\Debug\link.read.1.tlog
C:\Users\Win7\Desktop\JOKOAK_VS2010\Jokoak\froga\Debug\link.write.1.tlog
C:\Users\Win7\Desktop\JOKOAK_VS2010\Jokoak\froga\Debug\rc.command.1.tlog
C:\Users\Win7\Desktop\JOKOAK_VS2010\Jokoak\froga\Debug\rc.read.1.tlog
C:\Users\Win7\Desktop\JOKOAK_VS2010\Jokoak\froga\Debug\rc.write.1.tlog
C:\Users\Win7\Desktop\JOKOAK_VS2010\Jokoak\froga\Debug\froga.exe.embed.manifest
C:\Users\Win7\Desktop\JOKOAK_VS2010\Jokoak\froga\Debug\froga.exe.embed.manifest.res
C:\Users\Win7\Desktop\JOKOAK_VS2010\Jokoak\froga\Debug\vc100.idb
C:\Users\Win7\Desktop\JOKOAK_VS2010\Jokoak\froga\Debug\vc100.pdb
C:\Users\Win7\Desktop\JOKOAK_VS2010\Jokoak\froga\Debug\froga_manifest.rc
