Build started 20/12/2012 11:02:41.
Project "C:\Users\Win7\Desktop\JOKOAK_VS2010\Jokoak\froga\froga.vcxproj" on node 2 (rebuild target(s)).
_PrepareForClean:
  Deleting file "Debug\froga.lastbuildstate".
InitializeBuildStatus:
  Touching "Debug\froga.unsuccessfulbuild".
ClCompile:
  C:\Program Files\Microsoft Visual Studio 10.0\VC\bin\CL.exe /c /I.\inlcudes /I.\inlcudes\SDL /ZI /nologo /W3 /WX- /Od /Oy- /D WIN32 /D _DEBUG /D _CONSOLE /D _UNICODE /D UNICODE /Gm /EHsc /RTC1 /MDd /GS /fp:precise /Zc:wchar_t /Zc:forScope /Fo"Debug\\" /Fd"Debug\vc100.pdb" /Gd /TC /analyze- /errorReport:prompt src\bukaera.c src\errealitateFisikoa.c src\jokoa.c src\nagusia.c src\sarrera.c src\sistemaGrafikoa.c
  sistemaGrafikoa.c
  sarrera.c
  nagusia.c
  jokoa.c
  errealitateFisikoa.c
  bukaera.c
  Generating Code...
Link:
  C:\Program Files\Microsoft Visual Studio 10.0\VC\bin\link.exe /ERRORREPORT:PROMPT /OUT:"C:\Users\Win7\Desktop\JOKOAK_VS2010\Jokoak\Debug\froga.exe" /INCREMENTAL:NO /NOLOGO /LIBPATH:.\lib SDL.lib SDL_ttf.lib SDLmain.lib libGrafikak.lib kernel32.lib user32.lib gdi32.lib winspool.lib comdlg32.lib advapi32.lib shell32.lib ole32.lib oleaut32.lib uuid.lib odbc32.lib odbccp32.lib /MANIFEST /ManifestFile:"Debug\froga.exe.intermediate.manifest" /MANIFESTUAC:"level='asInvoker' uiAccess='false'" /DEBUG /PDB:"C:\Users\Win7\Desktop\JOKOAK_VS2010\Jokoak\Debug\froga.pdb" /SUBSYSTEM:CONSOLE /TLBID:1 /DYNAMICBASE /NXCOMPAT /IMPLIB:"C:\Users\Win7\Desktop\JOKOAK_VS2010\Jokoak\Debug\froga.lib" /MACHINE:X86 Debug\bukaera.obj
  Debug\errealitateFisikoa.obj
  Debug\jokoa.obj
  Debug\nagusia.obj
  Debug\sarrera.obj
  Debug\sistemaGrafikoa.obj
bukaera.obj : warning LNK4075: ignoring '/EDITANDCONTINUE' due to '/INCREMENTAL:NO' specification
  froga.vcxproj -> C:\Users\Win7\Desktop\JOKOAK_VS2010\Jokoak\Debug\froga.exe
Manifest:
  C:\Program Files\Microsoft SDKs\Windows\v7.0A\bin\mt.exe /nologo /verbose /outputresource:"C:\Users\Win7\Desktop\JOKOAK_VS2010\Jokoak\Debug\froga.exe;#1" /manifest Debug\froga.exe.intermediate.manifest
FinalizeBuildStatus:
  Deleting file "Debug\froga.unsuccessfulbuild".
  Touching "Debug\froga.lastbuildstate".
Done Building Project "C:\Users\Win7\Desktop\JOKOAK_VS2010\Jokoak\froga\froga.vcxproj" (rebuild target(s)).

Build succeeded.

Time Elapsed 00:00:03.69
